 1048576	   2	    524288	     0.833 GigaMultsPerSecond
 2097152	   2	   1048576	     0.980 GigaMultsPerSecond
 4194304	   2	   2097152	     1.064 GigaMultsPerSecond
 8388608	   2	   4194304	     1.120 GigaMultsPerSecond
16777216	   2	   8388608	     1.151 GigaMultsPerSecond
33554432	   2	  16777216	     1.169 GigaMultsPerSecond
67108864	   2	  33554432	     1.178 GigaMultsPerSecond
134217728	   2	  67108864	     1.315 GigaMultsPerSecond
 1048576	   4	    262144	     1.411 GigaMultsPerSecond
 2097152	   4	    524288	     1.841 GigaMultsPerSecond
 4194304	   4	   1048576	     2.198 GigaMultsPerSecond
 8388608	   4	   2097152	     2.114 GigaMultsPerSecond
16777216	   4	   4194304	     2.224 GigaMultsPerSecond
33554432	   4	   8388608	     2.291 GigaMultsPerSecond
67108864	   4	  16777216	     2.328 GigaMultsPerSecond
134217728	   4	  33554432	     2.590 GigaMultsPerSecond
 1048576	   8	    131072	     1.858 GigaMultsPerSecond
 2097152	   8	    262144	     2.773 GigaMultsPerSecond
 4194304	   8	    524288	     3.605 GigaMultsPerSecond
 8388608	   8	   1048576	     4.254 GigaMultsPerSecond
16777216	   8	   2097152	     4.724 GigaMultsPerSecond
33554432	   8	   4194304	     5.044 GigaMultsPerSecond
67108864	   8	   8388608	     5.220 GigaMultsPerSecond
134217728	   8	  16777216	     5.309 GigaMultsPerSecond
 1048576	  32	     32768	     2.505 GigaMultsPerSecond
 2097152	  32	     65536	     4.466 GigaMultsPerSecond
 4194304	  32	    131072	     6.924 GigaMultsPerSecond
 8388608	  32	    262144	     9.729 GigaMultsPerSecond
16777216	  32	    524288	    12.676 GigaMultsPerSecond
33554432	  32	   1048576	    15.295 GigaMultsPerSecond
67108864	  32	   2097152	    16.795 GigaMultsPerSecond
134217728	  32	   4194304	    17.893 GigaMultsPerSecond
 1048576	 128	      8192	     2.653 GigaMultsPerSecond
 2097152	 128	     16384	     4.744 GigaMultsPerSecond
 4194304	 128	     32768	     8.268 GigaMultsPerSecond
 8388608	 128	     65536	    12.187 GigaMultsPerSecond
16777216	 128	    131072	    15.592 GigaMultsPerSecond
33554432	 128	    262144	    23.417 GigaMultsPerSecond
67108864	 128	    524288	    27.669 GigaMultsPerSecond
134217728	 128	   1048576	    30.527 GigaMultsPerSecond
 1048576	 256	      4096	     2.144 GigaMultsPerSecond
 2097152	 256	      8192	     4.657 GigaMultsPerSecond
 4194304	 256	     16384	     8.281 GigaMultsPerSecond
 8388608	 256	     32768	    12.297 GigaMultsPerSecond
16777216	 256	     65536	    17.995 GigaMultsPerSecond
33554432	 256	    131072	    23.720 GigaMultsPerSecond
67108864	 256	    262144	    27.522 GigaMultsPerSecond
134217728	 256	    524288	    30.771 GigaMultsPerSecond
 1048576	 512	      2048	     2.670 GigaMultsPerSecond
 2097152	 512	      4096	     4.929 GigaMultsPerSecond
 4194304	 512	      8192	     8.048 GigaMultsPerSecond
 8388608	 512	     16384	    12.409 GigaMultsPerSecond
16777216	 512	     32768	    17.770 GigaMultsPerSecond
33554432	 512	     65536	    23.531 GigaMultsPerSecond
67108864	 512	    131072	    27.860 GigaMultsPerSecond
134217728	 512	    262144	    30.986 GigaMultsPerSecond
 1048576	1024	      1024	     2.645 GigaMultsPerSecond
 2097152	1024	      2048	     4.886 GigaMultsPerSecond
 4194304	1024	      4096	     7.961 GigaMultsPerSecond
 8388608	1024	      8192	    12.478 GigaMultsPerSecond
16777216	1024	     16384	    17.884 GigaMultsPerSecond
33554432	1024	     32768	    23.655 GigaMultsPerSecond
67108864	1024	     65536	    27.502 GigaMultsPerSecond
134217728	1024	    131072	    30.563 GigaMultsPerSecond
