     16384	        16	  551.7241	42.230 %
     16384	        32	  571.4286	42.389 %
     16384	        64	  592.5926	42.548 %
     16384	       128	  571.4286	42.010 %
     32768	        16	  945.5217	42.300 %
     32768	        32	 1070.0104	41.864 %
     32768	        64	 1082.4524	41.684 %
     32768	       128	 1113.0435	42.508 %
     65536	        16	 1787.0855	42.023 %
     65536	        32	 1973.0251	42.137 %
     65536	        64	 2122.2798	41.966 %
     65536	       128	 2146.7506	41.678 %
    131072	        16	 3025.1109	42.163 %
    131072	        32	 3248.2156	42.192 %
    131072	        64	 3942.2522	41.963 %
    131072	       128	 4079.6814	41.867 %
    262144	        16	 4576.5363	41.904 %
    262144	        32	 5855.6114	42.032 %
    262144	        64	 6971.9150	42.086 %
    262144	       128	 7440.5086	42.048 %
    524288	        16	 6056.9314	41.853 %
    524288	        32	 8832.3448	42.135 %
    524288	        64	11055.3307	42.050 %
    524288	       128	11821.0682	41.981 %
   1048576	        16	 7435.4440	42.078 %
   1048576	        32	11842.4281	41.950 %
   1048576	        64	16882.0196	42.052 %
   1048576	       128	15319.3082	42.042 %
